JoiceAPP/app/build/outputs/logs/manifest-merger-debug-report.txt
-- Merging decision tree log ---
manifest
ADDED from src\main\AndroidManifest.xml:2:1-26:12
	package
		ADDED from src\main\AndroidManifest.xml:4:5-38
		INJECTED from src\main\AndroidManifest.xml
		INJECTED from src\main\AndroidManifest.xml
	android:versionName
		ADDED from src\main\AndroidManifest.xml:4:39-64
		INJECTED from src\main\AndroidManifest.xml
		INJECTED from src\main\AndroidManifest.xml
	xmlns:tools
		ADDED from src\main\AndroidManifest.xml:3:5-51
	android:versionCode
		ADDED from src\main\AndroidManifest.xml:4:65-88
		INJECTED from src\main\AndroidManifest.xml
		INJECTED from src\main\AndroidManifest.xml
	xmlns:android
		ADDED from src\main\AndroidManifest.xml:2:11-69
	android:installLocation
		ADDED from src\main\AndroidManifest.xml:4:89-129
supports-screens
ADDED from src\main\AndroidManifest.xml:5:3-163
	android:largeScreens
		ADDED from src\main\AndroidManifest.xml:5:78-105
	android:smallScreens
		ADDED from src\main\AndroidManifest.xml:5:21-48
	android:normalScreens
		ADDED from src\main\AndroidManifest.xml:5:49-77
	android:xlargeScreens
		ADDED from src\main\AndroidManifest.xml:5:106-134
	android:anyDensity
		ADDED from src\main\AndroidManifest.xml:5:135-160
application
ADDED from src\main\AndroidManifest.xml:6:3-17:17
MERGED from [com.android.support.constraint:constraint-layout:1.0.2] AndroidManifest.xml:9:5-20
	android:label
		ADDED from src\main\AndroidManifest.xml:6:92-124
	android:debuggable
		ADDED from src\main\AndroidManifest.xml:6:125-151
	tools:ignore
		ADDED from src\main\AndroidManifest.xml:7:7-40
	android:icon
		ADDED from src\main\AndroidManifest.xml:6:58-91
	android:banner
		ADDED from src\main\AndroidManifest.xml:6:174-211
	android:theme
		ADDED from src\main\AndroidManifest.xml:6:16-57
	android:isGame
		ADDED from src\main\AndroidManifest.xml:6:152-173
activity#com.company.productname.MainGame
ADDED from src\main\AndroidManifest.xml:8:5-16:16
	android:screenOrientation
		ADDED from src\main\AndroidManifest.xml:8:48-86
	android:label
		ADDED from src\main\AndroidManifest.xml:8:15-47
	android:launchMode
		ADDED from src\main\AndroidManifest.xml:8:87-118
	android:configChanges
		ADDED from src\main\AndroidManifest.xml:8:119-276
	android:name
		ADDED from src\main\AndroidManifest.xml:8:277-324
intent-filter#android.intent.action.MAIN+android.intent.category.LAUNCHER+android.intent.category.LEANBACK_LAUNCHER
ADDED from src\main\AndroidManifest.xml:9:7-13:23
action#android.intent.action.MAIN
ADDED from src\main\AndroidManifest.xml:10:9-61
	android:name
		ADDED from src\main\AndroidManifest.xml:10:17-58
category#android.intent.category.LAUNCHER
ADDED from src\main\AndroidManifest.xml:11:9-69
	android:name
		ADDED from src\main\AndroidManifest.xml:11:19-66
category#android.intent.category.LEANBACK_LAUNCHER
ADDED from src\main\AndroidManifest.xml:12:9-78
	android:name
		ADDED from src\main\AndroidManifest.xml:12:19-75
meta-data#unityplayer.UnityActivity
ADDED from src\main\AndroidManifest.xml:15:7-82
	android:value
		ADDED from src\main\AndroidManifest.xml:15:59-79
	android:name
		ADDED from src\main\AndroidManifest.xml:15:18-58
uses-sdk
ADDED from src\main\AndroidManifest.xml:18:3-71
MERGED from [com.android.support.constraint:constraint-layout:1.0.2] AndroidManifest.xml:5:5-7:41
	android:targetSdkVersion
		ADDED from src\main\AndroidManifest.xml:18:39-68
		INJECTED from src\main\AndroidManifest.xml
		INJECTED from src\main\AndroidManifest.xml
	android:minSdkVersion
		ADDED from src\main\AndroidManifest.xml:18:13-38
		INJECTED from src\main\AndroidManifest.xml
		INJECTED from src\main\AndroidManifest.xml
uses-feature#0x00020000
ADDED from src\main\AndroidManifest.xml:19:3-52
	android:glEsVersion
		ADDED from src\main\AndroidManifest.xml:19:17-49
uses-feature#android.hardware.touchscreen
ADDED from src\main\AndroidManifest.xml:20:3-88
	android:required
		ADDED from src\main\AndroidManifest.xml:20:61-85
	android:name
		ADDED from src\main\AndroidManifest.xml:20:17-60
uses-feature#android.hardware.touchscreen.multitouch
ADDED from src\main\AndroidManifest.xml:21:3-99
	android:required
		ADDED from src\main\AndroidManifest.xml:21:72-96
	android:name
		ADDED from src\main\AndroidManifest.xml:21:17-71
uses-feature#android.hardware.touchscreen.multitouch.distinct
ADDED from src\main\AndroidManifest.xml:22:3-108
	android:required
		ADDED from src\main\AndroidManifest.xml:22:81-105
	android:name
		ADDED from src\main\AndroidManifest.xml:22:17-80
uses-feature#android.software.leanback
ADDED from src\main\AndroidManifest.xml:23:3-25:34
	android:required
		ADDED from src\main\AndroidManifest.xml:25:7-31
	android:name
		ADDED from src\main\AndroidManifest.xml:24:7-47